This is pdfTeX, Version 3.14159265-2.6-1.40.16 (TeX Live 2015/Debian) (preloaded format=pdflatex 2017.8.22)  28 MAR 2018 09:17
entering extended mode
 restricted \write18 enabled.
 %&-line parsing enabled.
**SigmaManual
(./SigmaManual.tex
LaTeX2e <2016/02/01>
Babel <3.9q> and hyphenation patterns for 81 language(s) loaded.
(/usr/share/texlive/texmf-dist/tex/latex/base/book.cls
Document Class: book 2014/09/29 v1.4h Standard LaTeX document class
(/usr/share/texlive/texmf-dist/tex/latex/base/bk10.clo
File: bk10.clo 2014/09/29 v1.4h Standard LaTeX file (size option)
)
\c@part=\count79
\c@chapter=\count80
\c@section=\count81
\c@subsection=\count82
\c@subsubsection=\count83
\c@paragraph=\count84
\c@subparagraph=\count85
\c@figure=\count86
\c@table=\count87
\abovecaptionskip=\skip41
\belowcaptionskip=\skip42
\bibindent=\dimen102
)
(/usr/share/texlive/texmf-dist/tex/latex/amsfonts/amssymb.sty
Package: amssymb 2013/01/14 v3.01 AMS font symbols

(/usr/share/texlive/texmf-dist/tex/latex/amsfonts/amsfonts.sty
Package: amsfonts 2013/01/14 v3.01 Basic AMSFonts support
\@emptytoks=\toks14
\symAMSa=\mathgroup4
\symAMSb=\mathgroup5
LaTeX Font Info:    Overwriting math alphabet `\mathfrak' in version `bold'
(Font)                  U/euf/m/n --> U/euf/b/n on input line 106.
))
(/usr/share/texlive/texmf-dist/tex/latex/amsmath/amsmath.sty
Package: amsmath 2016/03/03 v2.15a AMS math features
\@mathmargin=\skip43

For additional information on amsmath, use the `?' option.
(/usr/share/texlive/texmf-dist/tex/latex/amsmath/amstext.sty
Package: amstext 2000/06/29 v2.01 AMS text

(/usr/share/texlive/texmf-dist/tex/latex/amsmath/amsgen.sty
File: amsgen.sty 1999/11/30 v2.0 generic functions
\@emptytoks=\toks15
\ex@=\dimen103
))
(/usr/share/texlive/texmf-dist/tex/latex/amsmath/amsbsy.sty
Package: amsbsy 1999/11/29 v1.2d Bold Symbols
\pmbraise@=\dimen104
)
(/usr/share/texlive/texmf-dist/tex/latex/amsmath/amsopn.sty
Package: amsopn 1999/12/14 v2.01 operator names
)
\inf@bad=\count88
LaTeX Info: Redefining \frac on input line 199.
\uproot@=\count89
\leftroot@=\count90
LaTeX Info: Redefining \overline on input line 297.
\classnum@=\count91
\DOTSCASE@=\count92
LaTeX Info: Redefining \ldots on input line 394.
LaTeX Info: Redefining \dots on input line 397.
LaTeX Info: Redefining \cdots on input line 518.
\Mathstrutbox@=\box26
\strutbox@=\box27
\big@size=\dimen105
LaTeX Font Info:    Redeclaring font encoding OML on input line 630.
LaTeX Font Info:    Redeclaring font encoding OMS on input line 631.
\macc@depth=\count93
\c@MaxMatrixCols=\count94
\dotsspace@=\muskip10
\c@parentequation=\count95
\dspbrk@lvl=\count96
\tag@help=\toks16
\row@=\count97
\column@=\count98
\maxfields@=\count99
\andhelp@=\toks17
\eqnshift@=\dimen106
\alignsep@=\dimen107
\tagshift@=\dimen108
\tagwidth@=\dimen109
\totwidth@=\dimen110
\lineht@=\dimen111
\@envbody=\toks18
\multlinegap=\skip44
\multlinetaggap=\skip45
\mathdisplay@stack=\toks19
LaTeX Info: Redefining \[ on input line 2735.
LaTeX Info: Redefining \] on input line 2736.
)
(/home/apease/texmf/tex/latex/url.sty
\Urlmuskip=\muskip11
Package: url 2006/04/12  ver 3.3  Verb mode for urls, etc.
)
(/home/apease/texmf/tex/latex/listings.sty
(/usr/share/texlive/texmf-dist/tex/latex/graphics/keyval.sty
Package: keyval 2014/10/28 v1.15 key=value parser (DPC)
\KV@toks@=\toks20
)
\lst@mode=\count100
\lst@gtempboxa=\box28
\lst@token=\toks21
\lst@length=\count101
\lst@currlwidth=\dimen112
\lst@column=\count102
\lst@pos=\count103
\lst@lostspace=\dimen113
\lst@width=\dimen114
\lst@newlines=\count104
\lst@lineno=\count105
\lst@maxwidth=\dimen115

(/home/apease/texmf/tex/latex/lstmisc.sty
File: lstmisc.sty 2014/03/04 1.5c (Carsten Heinz)
\c@lstnumber=\count106
\lst@skipnumbers=\count107
\lst@framebox=\box29
)
(/usr/share/texlive/texmf-dist/tex/latex/listings/listings.cfg
File: listings.cfg 2015/06/04 1.6 listings configuration
))
Package: listings 2014/03/04 1.5c (Carsten Heinz)

(/usr/share/texlive/texmf-dist/tex/latex/tools/theorem.sty
Package: theorem 2014/10/28 v2.2c Theorem extension package (FMi)
\theorem@style=\toks22
\theorem@bodyfont=\toks23
\theorempreskipamount=\skip46
\theorempostskipamount=\skip47

(/usr/share/texlive/texmf-dist/tex/latex/tools/thp.sty
File: thp.sty 2014/10/28 v2.2c Theorem extension package (FMi)
))
(/usr/share/texlive/texmf-dist/tex/latex/graphics/graphicx.sty
Package: graphicx 2014/10/28 v1.0g Enhanced LaTeX Graphics (DPC,SPQR)

(/usr/share/texlive/texmf-dist/tex/latex/graphics/graphics.sty
Package: graphics 2016/01/03 v1.0q Standard LaTeX Graphics (DPC,SPQR)

(/usr/share/texlive/texmf-dist/tex/latex/graphics/trig.sty
Package: trig 2016/01/03 v1.10 sin cos tan (DPC)
)
(/usr/share/texlive/texmf-dist/tex/latex/latexconfig/graphics.cfg
File: graphics.cfg 2010/04/23 v1.9 graphics configuration of TeX Live
)
Package graphics Info: Driver file: pdftex.def on input line 95.

(/usr/share/texlive/texmf-dist/tex/latex/pdftex-def/pdftex.def
File: pdftex.def 2011/05/27 v0.06d Graphics/color for pdfTeX

(/usr/share/texlive/texmf-dist/tex/generic/oberdiek/infwarerr.sty
Package: infwarerr 2010/04/08 v1.3 Providing info/warning/error messages (HO)
)
(/usr/share/texlive/texmf-dist/tex/generic/oberdiek/ltxcmds.sty
Package: ltxcmds 2011/11/09 v1.22 LaTeX kernel commands for general use (HO)
)
\Gread@gobject=\count108
))
\Gin@req@height=\dimen116
\Gin@req@width=\dimen117
)
(/home/apease/texmf/tex/latex/subfig.sty
Style Option: `subfig' v1.2 <28 Jan 92> (M.O.)
\c@subfigure=\count109
) (/home/apease/texmf/tex/latex/gb4e.sty
(/home/apease/texmf/tex/latex/cgloss4e.sty
\lineone=\box30
\linetwo=\box31
\linethree=\box32
\wordone=\box33
\wordtwo=\box34
\wordthree=\box35
\gline=\box36
\glossglue=\skip48
)
\c@fnx=\count110
\@xnumdepth=\count111
\c@xnumi=\count112
\c@xnumii=\count113
\c@xnumiii=\count114
\c@xnumiv=\count115
\c@exx=\count116
\c@rxnumi=\count117
\c@rxnumii=\count118
\c@rxnumiii=\count119
\c@rxnumiv=\count120
\lcommentsep=\skip49
)
(/home/apease/texmf/tex/latex/minitoc.sty
Package: minitoc 2008/07/16 v60 Package minitoc (JPFD)

(/home/apease/texmf/tex/latex/mtcmess.sty
Package: mtcmess 2006/03/14
)
Package minitoc Info: I0001
(minitoc)             *** minitoc package, version 60 ***.
\tf@mtc=\write3
\mtcindent=\skip50
\mtcskipamount=\skip51
Package minitoc Info: I0005
(minitoc)             compatible with hyperref.
Package minitoc Info: I0023
(minitoc)             part level macros available.
Package minitoc Info: I0003
(minitoc)             chapter level macros available.
\mtc@toks=\toks24
\mtc@strutbox=\box37
\mtc@hstrutbox=\box38
Package minitoc Info: I0002
(minitoc)             Autoconfiguration of extensions.
\openout3 = `SigmaManual.mtc0'.

\openout3 = `SigmaManual.mtc'.

 (./SigmaManual.mtc0)
Package minitoc Info: I0012
(minitoc)             Long extensions (Unix-like) will be used.
Package minitoc Info: I0031
(minitoc)             ==> this version is configured for UNIX-like 
(minitoc)                 (long extensions) file names.
\openout3 = `SigmaManual.mtc'.

\openout3 = `SigmaManual.mtc0'.

\c@mtc=\count121
\c@minitocdepth=\count122
\c@ptc=\count123
\c@parttocdepth=\count124
\ptcindent=\skip52
Package minitoc Info: I0010
(minitoc)             The english language is selected.
(minitoc)              on input line 4910.

(/home/apease/texmf/tex/latex/english.mld
File: english.mld 2006/01/13
)
(/home/apease/texmf/tex/latex/english.mld
File: english.mld 2006/01/13
))
(/usr/share/texlive/texmf-dist/tex/latex/tools/array.sty
Package: array 2014/10/28 v2.4c Tabular extension package (FMi)
\col@sep=\dimen118
\extrarowheight=\dimen119
\NC@list=\toks25
\extratabsurround=\skip53
\backup@length=\skip54
)
(/home/apease/texmf/tex/latex/framed.sty
Package: framed 2011/10/22 v 0.96: framed or shaded text with page breaks
\OuterFrameSep=\skip55
\fb@frw=\dimen120
\fb@frh=\dimen121
\FrameRule=\dimen122
\FrameSep=\dimen123
)
(/home/apease/texmf/tex/latex/wrapfig.sty
\wrapoverhang=\dimen124
\WF@size=\dimen125
\c@WF@wrappedlines=\count125
\WF@box=\box39
\WF@everypar=\toks26
Package: wrapfig 2003/01/31  v 3.6
)
(/usr/share/texlive/texmf-dist/tex/latex/base/makeidx.sty
Package: makeidx 2014/09/29 v1.0m Standard LaTeX package
)
(/usr/share/texlive/texmf-dist/tex/latex/imakeidx/imakeidx.sty
Package: imakeidx 2013/07/11 v1.3a Package for typesetting indices in a synchro
nous mode

(/usr/share/texlive/texmf-dist/tex/latex/xkeyval/xkeyval.sty
Package: xkeyval 2014/12/03 v2.7a package option processing (HA)

(/usr/share/texlive/texmf-dist/tex/generic/xkeyval/xkeyval.tex
(/usr/share/texlive/texmf-dist/tex/generic/xkeyval/xkvutils.tex
\XKV@toks=\toks27
\XKV@tempa@toks=\toks28
)
\XKV@depth=\count126
File: xkeyval.tex 2014/12/03 v2.7a key=value parser (HA)
))
(/usr/share/texlive/texmf-dist/tex/generic/ifxetex/ifxetex.sty
Package: ifxetex 2010/09/12 v0.6 Provides ifxetex conditional
)
(/usr/share/texlive/texmf-dist/tex/generic/oberdiek/ifluatex.sty
Package: ifluatex 2010/03/01 v1.3 Provides the ifluatex switch (HO)
Package ifluatex Info: LuaTeX not detected.
)
(/usr/share/texlive/texmf-dist/tex/latex/xpatch/xpatch.sty
(/usr/share/texlive/texmf-dist/tex/latex/l3kernel/expl3.sty
Package: expl3 2016/01/19 v6377 L3 programming layer (loader) 

(/usr/share/texlive/texmf-dist/tex/latex/l3kernel/expl3-code.tex
Package: expl3 2016/01/19 v6377 L3 programming layer (code)
L3 Module: l3bootstrap 2016/01/01 v6339 L3 Bootstrap code
L3 Module: l3names 2015/12/21 v6328 L3 Namespace for primitives
L3 Module: l3basics 2015/11/22 v6315 L3 Basic definitions
L3 Module: l3expan 2015/09/10 v5983 L3 Argument expansion
L3 Module: l3tl 2015/09/29 v6121 L3 Token lists
L3 Module: l3str 2016/01/03 v6357 L3 Strings
L3 Module: l3seq 2015/08/05 v5777 L3 Sequences and stacks
L3 Module: l3int 2016/01/05 v6366 L3 Integers
\c_max_int=\count127
\l_tmpa_int=\count128
\l_tmpb_int=\count129
\g_tmpa_int=\count130
\g_tmpb_int=\count131
L3 Module: l3quark 2015/08/17 v5855 L3 Quarks
L3 Module: l3prg 2015/11/01 v6216 L3 Control structures
\g__prg_map_int=\count132
L3 Module: l3clist 2015/09/02 v5901 L3 Comma separated lists
L3 Module: l3token 2015/11/11 v6249 L3 Experimental token manipulation
L3 Module: l3prop 2016/01/05 v6366 L3 Property lists
L3 Module: l3msg 2015/09/28 v6113 L3 Messages
L3 Module: l3file 2015/12/03 v6317 L3 File and I/O operations
\l_iow_line_count_int=\count133
\l__iow_target_count_int=\count134
\l__iow_current_line_int=\count135
\l__iow_current_word_int=\count136
\l__iow_current_indentation_int=\count137
L3 Module: l3skip 2016/01/05 v6366 L3 Dimensions and skips
\c_zero_dim=\dimen126
\c_max_dim=\dimen127
\l_tmpa_dim=\dimen128
\l_tmpb_dim=\dimen129
\g_tmpa_dim=\dimen130
\g_tmpb_dim=\dimen131
\c_zero_skip=\skip56
\c_max_skip=\skip57
\l_tmpa_skip=\skip58
\l_tmpb_skip=\skip59
\g_tmpa_skip=\skip60
\g_tmpb_skip=\skip61
\c_zero_muskip=\muskip12
\c_max_muskip=\muskip13
\l_tmpa_muskip=\muskip14
\l_tmpb_muskip=\muskip15
\g_tmpa_muskip=\muskip16
\g_tmpb_muskip=\muskip17
L3 Module: l3keys 2015/11/17 v6284 L3 Key-value interfaces
\g__keyval_level_int=\count138
\l_keys_choice_int=\count139
L3 Module: l3fp 2015/08/25 v5890 L3 Floating points
\c__fp_leading_shift_int=\count140
\c__fp_middle_shift_int=\count141
\c__fp_trailing_shift_int=\count142
\c__fp_big_leading_shift_int=\count143
\c__fp_big_middle_shift_int=\count144
\c__fp_big_trailing_shift_int=\count145
\c__fp_Bigg_leading_shift_int=\count146
\c__fp_Bigg_middle_shift_int=\count147
\c__fp_Bigg_trailing_shift_int=\count148
L3 Module: l3box 2015/08/09 v5822 L3 Experimental boxes
\c_empty_box=\box40
\l_tmpa_box=\box41
\l_tmpb_box=\box42
\g_tmpa_box=\box43
\g_tmpb_box=\box44
L3 Module: l3coffins 2015/08/06 v5789 L3 Coffin code layer
\l__coffin_internal_box=\box45
\l__coffin_internal_dim=\dimen132
\l__coffin_offset_x_dim=\dimen133
\l__coffin_offset_y_dim=\dimen134
\l__coffin_x_dim=\dimen135
\l__coffin_y_dim=\dimen136
\l__coffin_x_prime_dim=\dimen137
\l__coffin_y_prime_dim=\dimen138
\c_empty_coffin=\box46
\l__coffin_aligned_coffin=\box47
\l__coffin_aligned_internal_coffin=\box48
\l_tmpa_coffin=\box49
\l_tmpb_coffin=\box50
\l__coffin_display_coffin=\box51
\l__coffin_display_coord_coffin=\box52
\l__coffin_display_pole_coffin=\box53
\l__coffin_display_offset_dim=\dimen139
\l__coffin_display_x_dim=\dimen140
\l__coffin_display_y_dim=\dimen141
L3 Module: l3color 2014/08/23 v5354 L3 Experimental color support
L3 Module: l3sys 2015/09/25 v6087 L3 Experimental system/runtime functions
L3 Module: l3candidates 2016/01/14 v6376 L3 Experimental additions to l3kernel
\l__box_top_dim=\dimen142
\l__box_bottom_dim=\dimen143
\l__box_left_dim=\dimen144
\l__box_right_dim=\dimen145
\l__box_top_new_dim=\dimen146
\l__box_bottom_new_dim=\dimen147
\l__box_left_new_dim=\dimen148
\l__box_right_new_dim=\dimen149
\l__box_internal_box=\box54
\l__coffin_bounding_shift_dim=\dimen150
\l__coffin_left_corner_dim=\dimen151
\l__coffin_right_corner_dim=\dimen152
\l__coffin_bottom_corner_dim=\dimen153
\l__coffin_top_corner_dim=\dimen154
\l__coffin_scaled_total_height_dim=\dimen155
\l__coffin_scaled_width_dim=\dimen156
L3 Module: l3luatex 2015/11/11 v6250 L3 Experimental LuaTeX-specific functions
)
(/usr/share/texlive/texmf-dist/tex/latex/l3kernel/l3pdfmode.def
File: l3pdfmode.def 2015/11/11 v6250 L3 Experimental driver: PDF mode
\l__driver_color_stack_int=\count149
))
Package: xpatch 2012/10/02 v0.3 Extending etoolbox patching commands

(/usr/share/texlive/texmf-dist/tex/latex/l3packages/xparse/xparse.sty
Package: xparse 2016/01/19 v6377 L3 Experimental document command parser
\l__xparse_current_arg_int=\count150
\l__xparse_m_args_int=\count151
\l__xparse_mandatory_args_int=\count152
\l__xparse_processor_int=\count153
\l__xparse_v_nesting_int=\count154
)
(/usr/share/texlive/texmf-dist/tex/latex/etoolbox/etoolbox.sty
Package: etoolbox 2015/08/02 v2.2a e-TeX tools for LaTeX (JAW)
\etb@tempcnta=\count155
)
.................................................
. LaTeX info: "xparse/define-command"
. 
. Defining command \xpatchcmd with sig. '' on line 125.
.................................................
.................................................
. LaTeX info: "xparse/define-command"
. 
. Defining command \xpretocmd with sig. '' on line 126.
.................................................
.................................................
. LaTeX info: "xparse/define-command"
. 
. Defining command \xapptocmd with sig. '' on line 127.
.................................................
.................................................
. LaTeX info: "xparse/define-command"
. 
. Defining command \xshowcmd with sig. '' on line 128.
.................................................
.................................................
. LaTeX info: "xparse/define-command"
. 
. Defining command \xpatchbibmacro with sig. 'm' on line 131.
.................................................
.................................................
. LaTeX info: "xparse/define-command"
. 
. Defining command \xpretobibmacro with sig. 'm' on line 133.
.................................................
.................................................
. LaTeX info: "xparse/define-command"
. 
. Defining command \xapptobibmacro with sig. 'm' on line 135.
.................................................
.................................................
. LaTeX info: "xparse/define-command"
. 
. Defining command \xshowbibmacro with sig. 'm' on line 137.
.................................................
.................................................
. LaTeX info: "xparse/define-command"
. 
. Defining command \xpatchfieldformat with sig. 'O{*}m' on line 139.
.................................................
.................................................
. LaTeX info: "xparse/define-command"
. 
. Defining command \xpretofieldformat with sig. 'O{*}m' on line 141.
.................................................
.................................................
. LaTeX info: "xparse/define-command"
. 
. Defining command \xapptofieldformat with sig. 'O{*}m' on line 143.
.................................................
.................................................
. LaTeX info: "xparse/define-command"
. 
. Defining command \xshowfieldformat with sig. 'O{*}m' on line 145.
.................................................
.................................................
. LaTeX info: "xparse/define-command"
. 
. Defining command \xpatchnameformat with sig. 'O{*}m' on line 147.
.................................................
.................................................
. LaTeX info: "xparse/define-command"
. 
. Defining command \xpretonameformat with sig. 'O{*}m' on line 149.
.................................................
.................................................
. LaTeX info: "xparse/define-command"
. 
. Defining command \xapptonameformat with sig. 'O{*}m' on line 151.
.................................................
.................................................
. LaTeX info: "xparse/define-command"
. 
. Defining command \xshownameformat with sig. 'O{*}m' on line 153.
.................................................
.................................................
. LaTeX info: "xparse/define-command"
. 
. Defining command \xpatchlistformat with sig. 'O{*}m' on line 155.
.................................................
.................................................
. LaTeX info: "xparse/define-command"
. 
. Defining command \xpretolistformat with sig. 'O{*}m' on line 157.
.................................................
.................................................
. LaTeX info: "xparse/define-command"
. 
. Defining command \xapptolistformat with sig. 'O{*}m' on line 159.
.................................................
.................................................
. LaTeX info: "xparse/define-command"
. 
. Defining command \xshowlistformat with sig. 'O{*}m' on line 161.
.................................................
.................................................
. LaTeX info: "xparse/define-command"
. 
. Defining command \xpatchindexfieldformat with sig. 'O{*}m' on line 163.
.................................................
.................................................
. LaTeX info: "xparse/define-command"
. 
. Defining command \xpretoindexfieldformat with sig. 'O{*}m' on line 165.
.................................................
.................................................
. LaTeX info: "xparse/define-command"
. 
. Defining command \xapptoindexfieldformat with sig. 'O{*}m' on line 167.
.................................................
.................................................
. LaTeX info: "xparse/define-command"
. 
. Defining command \xshowindexfieldformat with sig. 'O{*}m' on line 169.
.................................................
.................................................
. LaTeX info: "xparse/define-command"
. 
. Defining command \xpatchindexnameformat with sig. 'O{*}m' on line 171.
.................................................
.................................................
. LaTeX info: "xparse/define-command"
. 
. Defining command \xpretoindexnameformat with sig. 'O{*}m' on line 173.
.................................................
.................................................
. LaTeX info: "xparse/define-command"
. 
. Defining command \xapptoindexnameformat with sig. 'O{*}m' on line 175.
.................................................
.................................................
. LaTeX info: "xparse/define-command"
. 
. Defining command \xshowindexnameformat with sig. 'O{*}m' on line 177.
.................................................
.................................................
. LaTeX info: "xparse/define-command"
. 
. Defining command \xpatchindexlistformat with sig. 'O{*}m' on line 179.
.................................................
.................................................
. LaTeX info: "xparse/define-command"
. 
. Defining command \xpretoindexlistformat with sig. 'O{*}m' on line 181.
.................................................
.................................................
. LaTeX info: "xparse/define-command"
. 
. Defining command \xappindextolistformat with sig. 'O{*}m' on line 183.
.................................................
.................................................
. LaTeX info: "xparse/define-command"
. 
. Defining command \xshowindexlistformat with sig. 'O{*}m' on line 185.
.................................................
.................................................
. LaTeX info: "xparse/define-command"
. 
. Defining command \xpatchbibdriver with sig. 'm' on line 187.
.................................................
.................................................
. LaTeX info: "xparse/define-command"
. 
. Defining command \xpretobibdriver with sig. 'm' on line 189.
.................................................
.................................................
. LaTeX info: "xparse/define-command"
. 
. Defining command \xapptobibdriver with sig. 'm' on line 191.
.................................................
.................................................
. LaTeX info: "xparse/define-command"
. 
. Defining command \xshowbibdriver with sig. 'm' on line 193.
.................................................
)
(/usr/share/texlive/texmf-dist/tex/latex/tools/multicol.sty
Package: multicol 2015/08/19 v1.8n multicolumn formatting (FMi)
\c@tracingmulticols=\count156
\mult@box=\box55
\multicol@leftmargin=\dimen157
\c@unbalance=\count157
\c@collectmore=\count158
\doublecol@number=\count159
\multicoltolerance=\count160
\multicolpretolerance=\count161
\full@width=\dimen158
\page@free=\dimen159
\premulticols=\dimen160
\postmulticols=\dimen161
\multicolsep=\skip62
\multicolbaselineskip=\skip63
\partial@page=\box56
\last@line=\box57
\maxbalancingoverflow=\dimen162
\mult@rightbox=\box58
\mult@grightbox=\box59
\mult@gfirstbox=\box60
\mult@firstbox=\box61
\@tempa=\box62
\@tempa=\box63
\@tempa=\box64
\@tempa=\box65
\@tempa=\box66
\@tempa=\box67
\@tempa=\box68
\@tempa=\box69
\@tempa=\box70
\@tempa=\box71
\@tempa=\box72
\@tempa=\box73
\@tempa=\box74
\@tempa=\box75
\@tempa=\box76
\@tempa=\box77
\@tempa=\box78
\c@columnbadness=\count162
\c@finalcolumnbadness=\count163
\last@try=\dimen163
\multicolovershoot=\dimen164
\multicolundershoot=\dimen165
\mult@nat@firstbox=\box79
\colbreak@box=\box80
\mc@col@check@num=\count164
))
(/usr/share/texlive/texmf-dist/tex/latex/blindtext/blindtext.sty
Package: blindtext 2012/01/06 V2.0 blindtext-Package

(/usr/share/texlive/texmf-dist/tex/latex/tools/xspace.sty
Package: xspace 2014/10/28 v1.13 Space after command names (DPC,MH)
)
\c@blindtext=\count165
\c@Blindtext=\count166
\c@blind@countparstart=\count167
\blind@countxx=\count168
\blindtext@numBlindtext=\count169
\blind@countyy=\count170
\c@blindlist=\count171
\c@blindlistlevel=\count172
\c@blindlist@level=\count173
\blind@listitem=\count174
\c@blind@listcount=\count175
\c@blind@levelcount=\count176
\blind@mathformula=\count177
\blind@Mathformula=\count178
\c@blind@randomcount=\count179
\c@blind@randommax=\count180
\c@blind@pangramcount=\count181
\c@blind@pangrammax=\count182
)
\classes@idxfile=\write4
\openout4 = `classes.idx'.


Writing index file classes.idx
\SigmaManual@idxfile=\write5
\openout5 = `SigmaManual.idx'.

Writing index file SigmaManual.idx
(./SigmaManual.aux)
\openout1 = `SigmaManual.aux'.

LaTeX Font Info:    Checking defaults for OML/cmm/m/it on input line 22.
LaTeX Font Info:    ... okay on input line 22.
LaTeX Font Info:    Checking defaults for T1/cmr/m/n on input line 22.
LaTeX Font Info:    ... okay on input line 22.
LaTeX Font Info:    Checking defaults for OT1/cmr/m/n on input line 22.
LaTeX Font Info:    ... okay on input line 22.
LaTeX Font Info:    Checking defaults for OMS/cmsy/m/n on input line 22.
LaTeX Font Info:    ... okay on input line 22.
LaTeX Font Info:    Checking defaults for OMX/cmex/m/n on input line 22.
LaTeX Font Info:    ... okay on input line 22.
LaTeX Font Info:    Checking defaults for U/cmr/m/n on input line 22.
LaTeX Font Info:    ... okay on input line 22.
\c@lstlisting=\count183

(/usr/share/texlive/texmf-dist/tex/context/base/supp-pdf.mkii
[Loading MPS to PDF converter (version 2006.09.02).]
\scratchcounter=\count184
\scratchdimen=\dimen166
\scratchbox=\box81
\nofMPsegments=\count185
\nofMParguments=\count186
\everyMPshowfont=\toks29
\MPscratchCnt=\count187
\MPscratchDim=\dimen167
\MPnumerator=\count188
\makeMPintoPDFobject=\count189
\everyMPtoPDFconversion=\toks30
) (/usr/share/texlive/texmf-dist/tex/generic/oberdiek/pdftexcmds.sty
Package: pdftexcmds 2011/11/29 v0.20 Utility functions of pdfTeX for LuaTeX (HO
)

(/usr/share/texlive/texmf-dist/tex/generic/oberdiek/ifpdf.sty
Package: ifpdf 2011/01/30 v2.3 Provides the ifpdf switch (HO)
Package ifpdf Info: pdfTeX in PDF mode is detected.
)
Package pdftexcmds Info: LuaTeX not detected.
Package pdftexcmds Info: \pdf@primitive is available.
Package pdftexcmds Info: \pdf@ifprimitive is available.
Package pdftexcmds Info: \pdfdraftmode found.
)
(/usr/share/texlive/texmf-dist/tex/latex/oberdiek/epstopdf-base.sty
Package: epstopdf-base 2010/02/09 v2.5 Base part for package epstopdf

(/usr/share/texlive/texmf-dist/tex/latex/oberdiek/grfext.sty
Package: grfext 2010/08/19 v1.1 Manage graphics extensions (HO)

(/usr/share/texlive/texmf-dist/tex/generic/oberdiek/kvdefinekeys.sty
Package: kvdefinekeys 2011/04/07 v1.3 Define keys (HO)
))
(/usr/share/texlive/texmf-dist/tex/latex/oberdiek/kvoptions.sty
Package: kvoptions 2011/06/30 v3.11 Key value format for package options (HO)

(/usr/share/texlive/texmf-dist/tex/generic/oberdiek/kvsetkeys.sty
Package: kvsetkeys 2012/04/25 v1.16 Key value parser (HO)

(/usr/share/texlive/texmf-dist/tex/generic/oberdiek/etexcmds.sty
Package: etexcmds 2011/02/16 v1.5 Avoid name clashes with e-TeX commands (HO)
Package etexcmds Info: Could not find \expanded.
(etexcmds)             That can mean that you are not using pdfTeX 1.50 or
(etexcmds)             that some package has redefined \expanded.
(etexcmds)             In the latter case, load this package earlier.
)))
Package grfext Info: Graphics extension search list:
(grfext)             [.png,.pdf,.jpg,.mps,.jpeg,.jbig2,.jb2,.PNG,.PDF,.JPG,.JPE
G,.JBIG2,.JB2,.eps]
(grfext)             \AppendGraphicsExtensions on input line 452.

(/usr/share/texlive/texmf-dist/tex/latex/latexconfig/epstopdf-sys.cfg
File: epstopdf-sys.cfg 2010/07/13 v1.3 Configuration of (r)epstopdf for TeX Liv
e
))
Package minitoc(hints) Info: I0049
(minitoc(hints))             ==> You requested the hints option. 
(minitoc(hints))             Some hints are eventually given below.
LaTeX Font Info:    Try loading font information for U+msa on input line 27.

(/usr/share/texlive/texmf-dist/tex/latex/amsfonts/umsa.fd
File: umsa.fd 2013/01/14 v3.01 AMS symbols A
)
LaTeX Font Info:    Try loading font information for U+msb on input line 27.

(/usr/share/texlive/texmf-dist/tex/latex/amsfonts/umsb.fd
File: umsb.fd 2013/01/14 v3.01 AMS symbols B
) [1


{/var/lib/texmf/fonts/map/pdftex/updmap/pdftex.map}]
Package minitoc Info: I0024
(minitoc)             PREPARING MINITOCS FROM SigmaManual.toc on input line 31.

Package minitoc Info: I0033
(minitoc)             Writing SigmaManual.mtc1.
\openout3 = `SigmaManual.mtc1'.

Package minitoc Info: I0033
(minitoc)             Writing SigmaManual.mtc2.
\openout3 = `SigmaManual.mtc2'.

Package minitoc Info: I0033
(minitoc)             Writing SigmaManual.mtc3.
\openout3 = `SigmaManual.mtc3'.

Package minitoc Info: I0033
(minitoc)             Writing SigmaManual.mtc4.
\openout3 = `SigmaManual.mtc4'.

 [2

] (./SigmaManual.toc)
\tf@toc=\write6
\openout6 = `SigmaManual.toc'.

 [3] [4

]
(./SigmaManual.lof)
\tf@lof=\write7
\openout7 = `SigmaManual.lof'.

 [5] [6

]
Chapter 1.
[7]
Missing character: There is no Ã in font cmr10!
Missing character: There is no ¼ in font cmr10!
 <pictures/SigmaOver.png, id=32, 1242.6425pt x 454.69875pt>
File: pictures/SigmaOver.png Graphic file (type png)

<use pictures/SigmaOver.png>
Package pdftex.def Info: pictures/SigmaOver.png used on input line 112.
(pdftex.def)             Requested size: 325.215pt x 118.99596pt.
 [8 <./pictures/SigmaOver.png (PNG copy)>] [9]
[10

]
Chapter 2.
(/home/apease/texmf/tex/latex/lstlang1.sty
File: lstlang1.sty 2014/03/04 1.5c listings language file
)
LaTeX Font Info:    Font shape `OT1/cmtt/bx/n' in size <9> not available
(Font)              Font shape `OT1/cmtt/m/n' tried instead on input line 146.

Overfull \hbox (17.8789pt too wide) in paragraph at lines 155--156
[][][][][][][][][][][][][][][][][] 
 []

[11]
Overfull \hbox (23.54889pt too wide) in paragraph at lines 176--177
[][][][][][][][][][][][][][][][][][][] 
 []


Overfull \hbox (0.86896pt too wide) in paragraph at lines 182--183
[][][][][][][][][][][][][][][][][] 
 []


Overfull \hbox (0.86896pt too wide) in paragraph at lines 208--209
[][][][][][][][][][][][][][][][][][][] 
 []

[12] <pictures/CodeFormat1.png, id=53, 740.7675pt x 337.26pt>
File: pictures/CodeFormat1.png Graphic file (type png)

<use pictures/CodeFormat1.png>
Package pdftex.def Info: pictures/CodeFormat1.png used on input line 256.
(pdftex.def)             Requested size: 325.215pt x 148.06549pt.

<pictures/CodeFormat2.png, id=55, 591.71063pt x 220.57407pt>
File: pictures/CodeFormat2.png Graphic file (type png)

<use pictures/CodeFormat2.png>
Package pdftex.def Info: pictures/CodeFormat2.png used on input line 263.
(pdftex.def)             Requested size: 325.215pt x 121.23532pt.

Underfull \vbox (badness 10000) has occurred while \output is active []

 [13 <./pictures/CodeFormat1.png>] [14 <./pictures/CodeFormat2.png (PNG copy)>]

Overfull \hbox (14.5453pt too wide) in paragraph at lines 347--353
[]\OT1/cmr/m/n/10 KIF will pri-mar-ily fill in two of its mem-ber vari-ables du
r-ing pars-ing. \OT1/cmtt/m/n/10 formulaMap
 []

[15]
Overfull \hbox (1.28012pt too wide) in paragraph at lines 409--414
\OT1/cmr/m/n/10 Configuration of Sigma is first gov-erned by the en-vi-ron-ment
 vari-able \OT1/cmtt/m/n/10 SIGMA[]HOME\OT1/cmr/m/n/10 ,
 []

[16]
Underfull \hbox (badness 1803) in paragraph at lines 432--443
[]\OT1/cmr/m/n/10 The "workspace" di-rec-tory will hold the Git mod-ules for si
g-ma-kee
 []


Underfull \hbox (badness 10000) in paragraph at lines 455--457
[]\OT1/cmr/m/n/10 Default val-ues for con-fig-u-ra-tion pa-ram-e-ters are set i
n
 []

LaTeX Font Info:    Try loading font information for OMS+cmr on input line 464.

(/usr/share/texlive/texmf-dist/tex/latex/base/omscmr.fd
File: omscmr.fd 2014/09/29 v2.5h Standard LaTeX font definitions
)
LaTeX Font Info:    Font shape `OMS/cmr/m/n' in size <10> not available
(Font)              Font shape `OMS/cmsy/m/n' tried instead on input line 464.
 [17]
Overfull \hbox (62.34483pt too wide) in paragraph at lines 487--492
[]\OT1/cmr/bx/n/10 englishPCFG \OT1/cmr/m/n/10 - value = \OT1/cmtt/m/n/10 /home
/user/Programs/stanford-corenlp-full-2015-12-09
 []


Overfull \hbox (41.10162pt too wide) in paragraph at lines 493--496
[]\OT1/cmr/bx/n/10 graphDir \OT1/cmr/m/n/10 - value = \OT1/cmtt/m/n/10 /var/tom
cat/apache-tomcat-8.0.41/webapps/sigma/graph
 []


Overfull \hbox (3.94016pt too wide) in paragraph at lines 515--518
[]\OT1/cmr/bx/n/10 inferenceEngine \OT1/cmr/m/n/10 - value = \OT1/cmtt/m/n/10 /
home/user/Programs/E/PROVER/e$[]$tb$[]$unner
 []

[18]
Overfull \hbox (75.7625pt too wide) in paragraph at lines 561--564
[]\OT1/cmr/bx/n/10 semRewrite \OT1/cmr/m/n/10 - value = \OT1/cmtt/m/n/10 /home/
user/workspace/sumo/WordNetMappings/SemRewrite.txt
 []


Overfull \hbox (67.7487pt too wide) in paragraph at lines 574--576
[]\OT1/cmr/bx/n/10 testOutputDir \OT1/cmr/m/n/10 - value = \OT1/cmtt/m/n/10 /va
r/tomcat/apache-tomcat-5.5.25/webapps/sigma/tests
 []

[19]
Overfull \hbox (2.52788pt too wide) in paragraph at lines 595--595
[]\OT1/cmr/bx/n/14.4 Conversion of SUO-KIF to First-Order Logic 
 []


Overfull \hbox (17.5263pt too wide) in paragraph at lines 648--654
\OT1/cmr/m/n/10 This trans-for-ma-tion is per-formed in \OT1/cmtt/m/n/10 Formul
aPreprocessor.preProcessRecurse()[]\OT1/cmr/m/n/10 . 
 []


Overfull \hbox (5.2506pt too wide) in paragraph at lines 655--658
[]\OT1/cmr/m/n/10 This trans-for-ma-tion how-ever re-sulted in poor per-for-man
ce for the-o-rem provers
 []

[20] [21]
Overfull \hbox (52.2481pt too wide) in paragraph at lines 727--732
[]\OT1/cmr/m/n/10 This trans-for-ma-tion is called in \OT1/cmtt/m/n/10 FormulaP
reprocessor.replacePredVarsAndRowVars()
 []


Underfull \vbox (badness 4341) has occurred while \output is active []

 [22]
[23]
Missing character: There is no â in font cmr10!
Missing character: There is no € in font cmr10!
Missing character: There is no ˜ in font cmr10!
Missing character: There is no â in font cmr10!
Missing character: There is no € in font cmr10!
Missing character: There is no ™ in font cmr10!
Missing character: There is no â in font cmtt10!
Missing character: There is no € in font cmtt10!
Missing character: There is no ˜ in font cmtt10!
 [24] [25]
Missing character: There is no Ã in font cmr10!
Missing character: There is no ¯ in font cmr10!

Overfull \hbox (12.99832pt too wide) in paragraph at lines 953--954
[]\OT1/cmr/m/n/10 This pro-cess-ing is han-dled in \OT1/cmtt/m/n/10 FormulaPrep
rocessor.addTypeRestrictions()[]\OT1/cmr/m/n/10 . 
 []

[26] [27] [28]
Missing character: There is no â in font cmr10!
Missing character: There is no € in font cmr10!
Missing character: There is no ™ in font cmr10!
Missing character: There is no â in font cmr10!
Missing character: There is no € in font cmr10!
Missing character: There is no ™ in font cmr10!
Missing character: There is no â in font cmr10!
Missing character: There is no € in font cmr10!
Missing character: There is no ™ in font cmr10!
Missing character: There is no â in font cmr10!
Missing character: There is no € in font cmr10!
Missing character: There is no ™ in font cmr10!
 [29] [30

]
Chapter 3.
[31]
Overfull \hbox (3.08383pt too wide) in paragraph at lines 1171--1173
\OT1/cmr/m/n/10 Logic Trans-la-tion sys-tem, which is now su-perceded by the Se
-man-tic Rewrit-
 []

[32] [33] <pictures/SigmaScreen.png, id=129, 1274.7625pt x 1266.7325pt>
File: pictures/SigmaScreen.png Graphic file (type png)

<use pictures/SigmaScreen.png>
Package pdftex.def Info: pictures/SigmaScreen.png used on input line 1291.
(pdftex.def)             Requested size: 325.215pt x 323.15749pt.
 [34] [35 <./pictures/SigmaScreen.png>]
Missing character: There is no Ã in font cmtt10!
Missing character: There is no ¨ in font cmtt10!
Missing character: There is no Ã in font cmr10!
Missing character: There is no ¨ in font cmr10!
Missing character: There is no â in font cmr10!
Missing character: There is no € in font cmr10!
Missing character: There is no “ in font cmr10!
Missing character: There is no â in font cmr10!
Missing character: There is no € in font cmr10!
Missing character: There is no “ in font cmr10!
Missing character: There is no â in font cmr10!
Missing character: There is no € in font cmr10!
Missing character: There is no ™ in font cmr10!
Missing character: There is no â in font cmr10!
Missing character: There is no € in font cmr10!
Missing character: There is no “ in font cmr10!
Missing character: There is no â in font cmr10!
Missing character: There is no € in font cmr10!
Missing character: There is no “ in font cmr10!
Missing character: There is no â in font cmr10!
Missing character: There is no € in font cmr10!
Missing character: There is no “ in font cmr10!
 [36]
Missing character: There is no â in font cmr10!
Missing character: There is no € in font cmr10!
Missing character: There is no “ in font cmr10!

[37] <pictures/SigmaSimp.png, id=144, 1012.78375pt x 724.7075pt>
File: pictures/SigmaSimp.png Graphic file (type png)

<use pictures/SigmaSimp.png>
Package pdftex.def Info: pictures/SigmaSimp.png used on input line 1427.
(pdftex.def)             Requested size: 325.215pt x 232.70732pt.

Underfull \vbox (badness 10000) has occurred while \output is active []

 [38 <./pictures/SigmaSimp.png (PNG copy)>]
Underfull \hbox (badness 1303) in paragraph at lines 1478--1490
\OT1/cmr/m/n/10 prob-lem, yet not strictly an er-ror that would re-sult in a lo
g-i-cal con-
 []


Underfull \hbox (badness 1478) in paragraph at lines 1478--1490
\OT1/cmr/m/n/10 tra-dic-tion. The first of these is for terms lack-ing doc-u-me
n-ta-tion (in
 []


Overfull \hbox (93.72115pt too wide) in paragraph at lines 1492--1497
[]\OT1/cmr/m/n/10 We test for cases where terms do not ap-pear in any rules (in
 \OT1/cmtt/m/n/10 Diagnostics.termsWithoutRules()\OT1/cmr/m/n/10 ).
 []


Underfull \hbox (badness 1975) in paragraph at lines 1504--1509
[]\OT1/cmr/m/n/10 A more com-pli-cated is-sue is where mem-bers (in-stances) of
 a par-
 []


Underfull \hbox (badness 2529) in paragraph at lines 1504--1509
\OT1/cmr/m/n/10 sti-tute the ex-haus-tive de-com-po-si-tion of the par-ent clas
s (stated with
 []


Underfull \hbox (badness 1881) in paragraph at lines 1504--1509
\OT1/cmr/m/n/10 the re-la-tion \OT1/cmtt/m/n/10 exhaustiveDecomposition\OT1/cmr
/m/n/10 ). This prob-lem is found with
 []

[39] [40] <pictures/SigmaProof.jpg, id=154, 1069.9975pt x 942.52126pt>
File: pictures/SigmaProof.jpg Graphic file (type jpg)

<use pictures/SigmaProof.jpg>
Package pdftex.def Info: pictures/SigmaProof.jpg used on input line 1585.
(pdftex.def)             Requested size: 325.215pt x 286.46904pt.
 [41 <./pictures/SigmaProof.jpg>]
Underfull \vbox (badness 1430) has occurred while \output is active []

 [42]
Underfull \hbox (badness 1028) in paragraph at lines 1721--1723
[]\OT1/cmr/m/n/10 When us-ing the TPTP sys-tem in-te-grated into Sigma, the use
r also
 []

[43] [44] [45] [46]
<pictures/SigmaLogin.png, id=174, 914.41624pt x 484.81125pt>
File: pictures/SigmaLogin.png Graphic file (type png)

<use pictures/SigmaLogin.png>
Package pdftex.def Info: pictures/SigmaLogin.png used on input line 1896.
(pdftex.def)             Requested size: 325.215pt x 172.42358pt.
 [47 <./pictures/SigmaLogin.png>]
<pictures/SigmaKBs.png, id=179, 914.41624pt x 840.13875pt>
File: pictures/SigmaKBs.png Graphic file (type png)

<use pictures/SigmaKBs.png>
Package pdftex.def Info: pictures/SigmaKBs.png used on input line 1911.
(pdftex.def)             Requested size: 325.215pt x 298.79617pt.

<pictures/Manifest.png, id=180, 914.41624pt x 840.13875pt>
File: pictures/Manifest.png Graphic file (type png)

<use pictures/Manifest.png>
Package pdftex.def Info: pictures/Manifest.png used on input line 1934.
(pdftex.def)             Requested size: 325.215pt x 298.79617pt.
 [48 <./pictures/SigmaKBs.png>]
<pictures/Manifest2.png, id=185, 914.41624pt x 970.62625pt>
File: pictures/Manifest2.png Graphic file (type png)

<use pictures/Manifest2.png>
Package pdftex.def Info: pictures/Manifest2.png used on input line 1941.
(pdftex.def)             Requested size: 325.215pt x 345.20418pt.

<pictures/TermBrowse.png, id=186, 914.41624pt x 563.10374pt>
File: pictures/TermBrowse.png Graphic file (type png)

<use pictures/TermBrowse.png>
Package pdftex.def Info: pictures/TermBrowse.png used on input line 1963.
(pdftex.def)             Requested size: 325.215pt x 200.2684pt.

<pictures/Walking.png, id=187, 914.41624pt x 1031.855pt>
File: pictures/Walking.png Graphic file (type png)

<use pictures/Walking.png>
Package pdftex.def Info: pictures/Walking.png used on input line 1970.
(pdftex.def)             Requested size: 325.215pt x 366.98024pt.
 [49 <./pictures/Manifest.png>] [50 <./pictures/Manifest2.png>] <pictures/Alpha
.png, id=198, 914.41624pt x 1031.855pt>
File: pictures/Alpha.png Graphic file (type png)

<use pictures/Alpha.png>
Package pdftex.def Info: pictures/Alpha.png used on input line 1991.
(pdftex.def)             Requested size: 325.215pt x 366.98024pt.

<pictures/Buffalo.png, id=199, 914.41624pt x 970.62625pt>
File: pictures/Buffalo.png Graphic file (type png)

<use pictures/Buffalo.png>
Package pdftex.def Info: pictures/Buffalo.png used on input line 1998.
(pdftex.def)             Requested size: 325.215pt x 345.20418pt.

<pictures/Graph.png, id=200, 914.41624pt x 970.62625pt>
File: pictures/Graph.png Graphic file (type png)

<use pictures/Graph.png>
Package pdftex.def Info: pictures/Graph.png used on input line 2013.
(pdftex.def)             Requested size: 325.215pt x 345.20418pt.

<pictures/Graphical.png, id=201, 914.41624pt x 970.62625pt>
File: pictures/Graphical.png Graphic file (type png)

<use pictures/Graphical.png>
Package pdftex.def Info: pictures/Graphical.png used on input line 2020.
(pdftex.def)             Requested size: 325.215pt x 345.20418pt.

<pictures/Proof2.jpg, id=202, 671.50874pt x 523.9575pt>
File: pictures/Proof2.jpg Graphic file (type jpg)

<use pictures/Proof2.jpg>
Package pdftex.def Info: pictures/Proof2.jpg used on input line 2040.
(pdftex.def)             Requested size: 325.215pt x 253.75131pt.
 [51 <./pictures/TermBrowse.png>] [52 <./pictures/Walking.png>] [53 <./pictures
/Alpha.png>] [54 <./pictures/Buffalo.png>] [55 <./pictures/Graph.png>] [56 <./p
ictures/Graphical.png>] [57 <./pictures/Proof2.jpg>]
<pictures/Preferences.png, id=231, 914.41624pt x 970.62625pt>
File: pictures/Preferences.png Graphic file (type png)

<use pictures/Preferences.png>
Package pdftex.def Info: pictures/Preferences.png used on input line 2093.
(pdftex.def)             Requested size: 325.215pt x 345.20418pt.
 [58] [59 <./pictures/Preferences.png>] [60

]
Chapter 4.
Missing character: There is no Ã in font cmr10!
Missing character: There is no ¼ in font cmr10!
Missing character: There is no Ã in font cmr10!
Missing character: There is no ¼ in font cmr10!
(./SigmaManual.bbl [61] [62

]
Underfull \hbox (badness 1142) in paragraph at lines 16--19
[]\OT1/cmr/m/n/10 Fellbaum, C. (1998).  \OT1/cmr/m/it/10 Word-Net: An Elec-tron
ic Lex-i-cal
 []

Missing character: There is no Å in font cmr10!
Missing character: There is no ‚ in font cmr10!
[63]
Underfull \hbox (badness 2285) in paragraph at lines 66--69
[]\OT1/cmr/m/n/10 Pease, A. (2013).  Sigma web site.  $\OT1/cmtt/m/n/10 http : 
/ / sigmakee .
 []

Missing character: There is no Ã in font cmr10!
Missing character: There is no ¼ in font cmr10!
Missing character: There is no Ã in font cmr10!
Missing character: There is no ¼ in font cmr10!
) [64]
runsystem(makeindex classes.idx)...executed safely (allowed).

 (./classes.ind) [65


] [66

]
runsystem(makeindex SigmaManual.idx)...executed safely (allowed).

 (./SigmaManual.ind [67

])
Package minitoc Info: I0009
(minitoc)             Listing minitoc auxiliary files. 
(minitoc)             Creating the SigmaManual.maf file.
\openout3 = `SigmaManual.maf'.



Package minitoc(hints) Warning: W0078
(minitoc(hints))                You have used \dominitoc, 
(minitoc(hints))                but not \minitoc.


Package minitoc(hints) Warning: W0024
(minitoc(hints))                Some hints have been written 
(minitoc(hints))                in the SigmaManual.log file.

(./SigmaManual.aux) ) 
Here is how much of TeX's memory you used:
 13984 strings out of 493029
 238245 string characters out of 6136234
 327422 words of memory out of 5000000
 17128 multiletter control sequences out of 15000+600000
 14609 words of font info for 57 fonts, out of 8000000 for 9000
 1141 hyphenation exceptions out of 8191
 41i,8n,74p,10455b,1087s stack positions out of 5000i,500n,10000p,200000b,80000s
</usr/share/texlive/texmf-dist/fonts/type1/public/amsfonts
/cm/cmbx10.pfb></usr/share/texlive/texmf-dist/fonts/type1/public/amsfonts/cm/cm
bx12.pfb></usr/share/texlive/texmf-dist/fonts/type1/public/amsfonts/cm/cmmi7.pf
b></usr/share/texlive/texmf-dist/fonts/type1/public/amsfonts/cm/cmr10.pfb></usr
/share/texlive/texmf-dist/fonts/type1/public/amsfonts/cm/cmr12.pfb></usr/share/
texlive/texmf-dist/fonts/type1/public/amsfonts/cm/cmr17.pfb></usr/share/texlive
/texmf-dist/fonts/type1/public/amsfonts/cm/cmr6.pfb></usr/share/texlive/texmf-d
ist/fonts/type1/public/amsfonts/cm/cmr7.pfb></usr/share/texlive/texmf-dist/font
s/type1/public/amsfonts/cm/cmr8.pfb></usr/share/texlive/texmf-dist/fonts/type1/
public/amsfonts/cm/cmr9.pfb></usr/share/texlive/texmf-dist/fonts/type1/public/a
msfonts/cm/cmsl10.pfb></usr/share/texlive/texmf-dist/fonts/type1/public/amsfont
s/cm/cmsltt10.pfb></usr/share/texlive/texmf-dist/fonts/type1/public/amsfonts/cm
/cmsy10.pfb></usr/share/texlive/texmf-dist/fonts/type1/public/amsfonts/cm/cmti1
0.pfb></usr/share/texlive/texmf-dist/fonts/type1/public/amsfonts/cm/cmtt10.pfb>
</usr/share/texlive/texmf-dist/fonts/type1/public/amsfonts/cm/cmtt8.pfb></usr/s
hare/texlive/texmf-dist/fonts/type1/public/amsfonts/cm/cmtt9.pfb>
Output written on SigmaManual.pdf (67 pages, 2223546 bytes).
PDF statistics:
 322 PDF objects out of 1000 (max. 8388607)
 202 compressed objects within 3 object streams
 0 named destinations out of 1000 (max. 500000)
 91 words of extra memory for PDF output out of 10000 (max. 10000000)

